<?xml version="1.0" encoding="UTF-8"?>
<testsuite xmlns:xsi="http://www.w3.org/2001/XMLSchema-instance" xsi:noNamespaceSchemaLocation="https://maven.apache.org/surefire/maven-surefire-plugin/xsd/surefire-test-report.xsd" name="pl.edu.pw.ee.aisd2023zlab4.RbtMapTest" time="0.088" tests="4" errors="0" skipped="0" failures="0">
  <properties>
[...]
</properties>
  <testcase name="shouldCreateCorrectTree_AndGetValues" classname="pl.edu.pw.ee.aisd2023zlab4.RbtMapTest" time="0.008"/>
  <testcase name="shouldCreateBalancedTree" classname="pl.edu.pw.ee.aisd2023zlab4.RbtMapTest" time="0.074"/>
  <testcase name="shouldDeleteValuesCorrectly" classname="pl.edu.pw.ee.aisd2023zlab4.RbtMapTest" time="0.001"/>
  <testcase name="rootShouldAlwaysBeBlack" classname="pl.edu.pw.ee.aisd2023zlab4.RbtMapTest" time="0"/>
</testsuite>